Traceback (most recent call last):
  File "<frozen runpy>", line 198, in _run_module_as_main
  File "<frozen runpy>", line 88, in _run_code
  File "D:\TRAE SOLO\SOLO Fruits\梨树苗\自由时间指南灯\backend\.venv\Lib\site-packages\uvicorn\__main__.py", line 4, in <module>
    uvicorn.main()
    ~~~~~~~~~~~~^^
  File "D:\TRAE SOLO\SOLO Fruits\梨树苗\自由时间指南灯\backend\.venv\Lib\site-packages\click\core.py", line 1569, in __call__
    return self.main(*args, **kwargs)
           ~~~~~~~~~^^^^^^^^^^^^^^^^^
  File "D:\TRAE SOLO\SOLO Fruits\梨树苗\自由时间指南灯\backend\.venv\Lib\site-packages\click\core.py", line 1490, in main
    rv = self.invoke(ctx)
  File "D:\TRAE SOLO\SOLO Fruits\梨树苗\自由时间指南灯\backend\.venv\Lib\site-packages\click\core.py", line 1353, in invoke
    return ctx.invoke(self.callback, **ctx.params)
           ~~~~~~~~~~^^^^^^^^^^^^^^^^^^^^^^^^^^^^^
  File "D:\TRAE SOLO\SOLO Fruits\梨树苗\自由时间指南灯\backend\.venv\Lib\site-packages\click\core.py", line 907, in invoke
    return callback(*args, **kwargs)
  File "D:\TRAE SOLO\SOLO Fruits\梨树苗\自由时间指南灯\backend\.venv\Lib\site-packages\uvicorn\main.py", line 441, in main
    run(
    ~~~^
        app,
        ^^^^
    ...<48 lines>...
        reset_contextvars=reset_contextvars,
        ^^^^^^^^^^^^^^^^^^^^^^^^^^^^^^^^^^^^
    )
    ^
  File "D:\TRAE SOLO\SOLO Fruits\梨树苗\自由时间指南灯\backend\.venv\Lib\site-packages\uvicorn\main.py", line 609, in run
    config.load_app()
    ~~~~~~~~~~~~~~~^^
  File "D:\TRAE SOLO\SOLO Fruits\梨树苗\自由时间指南灯\backend\.venv\Lib\site-packages\uvicorn\config.py", line 415, in load_app
    return import_from_string(self.app)
  File "D:\TRAE SOLO\SOLO Fruits\梨树苗\自由时间指南灯\backend\.venv\Lib\site-packages\uvicorn\importer.py", line 19, in import_from_string
    module = importlib.import_module(module_str)
  File "C:\Python314\Lib\importlib\__init__.py", line 88, in import_module
    return _bootstrap._gcd_import(name[level:], package, level)
           ~~~~~~~~~~~~~~~~~~~~~~^^^^^^^^^^^^^^^^^^^^^^^^^^^^^^
  File "<frozen importlib._bootstrap>", line 1398, in _gcd_import
  File "<frozen importlib._bootstrap>", line 1371, in _find_and_load
  File "<frozen importlib._bootstrap>", line 1342, in _find_and_load_unlocked
  File "<frozen importlib._bootstrap>", line 938, in _load_unlocked
  File "<frozen importlib._bootstrap_external>", line 762, in exec_module
  File "<frozen importlib._bootstrap>", line 491, in _call_with_frames_removed
  File "D:\TRAE SOLO\SOLO Fruits\梨树苗\自由时间指南灯\backend\main.py", line 10, in <module>
    from .api import (
    ...<7 lines>...
    )
ImportError: attempted relative import with no known parent package
